#
# There is insufficient memory for the Java Runtime Environment to continue.
# Native memory allocation (malloc) failed to allocate 1048576 bytes for AllocateHeap
# Possible reasons:
#   The system is out of physical RAM or swap space
#   In 32 bit mode, the process size limit was hit
# Possible solutions:
#   Reduce memory load on the system
#   Increase physical memory or swap space
#   Check if swap backing store is full
#   Use 64 bit Java on a 64 bit OS
#   Decrease Java heap size (-Xmx/-Xms)
#   Decrease number of Java threads
#   Decrease Java thread stack sizes (-Xss)
#   Set larger code cache with -XX:ReservedCodeCacheSize=
# This output file may be truncated or incomplete.
#
#  Out of Memory Error (memory/allocation.inline.hpp:61), pid=4108, tid=0x00000000000013f8
#
# JRE version:  (8.0_111-b14) (build )
# Java VM: Java HotSpot(TM) 64-Bit Server VM (25.111-b14 mixed mode windows-amd64 compressed oops)
# Failed to write core dump. Minidumps are not enabled by default on client versions of Windows
#

---------------  T H R E A D  ---------------

Current thread (0x0000000004f20800):  JavaThread "Unknown thread" [_thread_in_vm, id=5112, stack(0x0000000004d80000,0x0000000004e80000)]

Stack: [0x0000000004d80000,0x0000000004e80000]
[error occurred during error reporting (printing stack bounds), id 0xc0000005]

Native frames: (J=compiled Java code, j=interpreted, Vv=VM code, C=native code)


---------------  P R O C E S S  ---------------

Java Threads: ( => current thread )

Other Threads:

=>0x0000000004f20800 (exited) JavaThread "Unknown thread" [_thread_in_vm, id=5112, stack(0x0000000004d80000,0x0000000004e80000)]

VM state:not at safepoint (normal execution)

VM Mutex/Monitor currently owned by a thread: None

Heap:
 PSYoungGen      total 18944K, used 327K [0x00000000eb200000, 0x00000000ec700000, 0x0000000100000000)
  eden space 16384K, 2% used [0x00000000eb200000,0x00000000eb251ec8,0x00000000ec200000)
  from space 2560K, 0% used [0x00000000ec480000,0x00000000ec480000,0x00000000ec700000)
  to   space 2560K, 0% used [0x00000000ec200000,0x00000000ec200000,0x00000000ec480000)
 ParOldGen       total 44032K, used 0K [0x00000000c1600000, 0x00000000c4100000, 0x00000000eb200000)
  object space 44032K, 0% used [0x00000000c1600000,0x00000000c1600000,0x00000000c4100000)
 Metaspace       used 783K, capacity 1092K, committed 1152K, reserved 1060864K
  class space    used 75K, capacity 384K, committed 384K, reserved 1048576K

Card table byte_map: [0x00000000144b0000,0x00000000146b0000] byte_map_base: 0x0000000013ea5000

Marking Bits: (ParMarkBitMap*) 0x000000005e8da6c0
 Begin Bits: [0x0000000014a00000, 0x00000000159a8000)
 End Bits:   [0x00000000159a8000, 0x0000000016950000)

Polling page: 0x0000000000ff0000

CodeCache: size=245760Kb used=327Kb max_used=327Kb free=245432Kb
 bounds [0x00000000050f0000, 0x0000000005360000, 0x00000000140f0000]
 total_blobs=57 nmethods=0 adapters=38
 compilation: enabled

Compilation events (0 events):
No events

GC Heap History (0 events):
No events

Deoptimization events (0 events):
No events

Internal exceptions (0 events):
No events

Events (10 events):
Event: 0.075 loading class java/lang/Short
Event: 0.075 loading class java/lang/Short done
Event: 0.075 loading class java/lang/Integer
Event: 0.076 loading class java/lang/Integer done
Event: 0.076 loading class java/lang/Long
Event: 0.076 loading class java/lang/Long done
Event: 0.078 loading class java/lang/NullPointerException
Event: 0.079 loading class java/lang/NullPointerException done
Event: 0.079 loading class java/lang/ArithmeticException
Event: 0.079 loading class java/lang/ArithmeticException done


Dynamic libraries:
0x00007ff7412d0000 - 0x00007ff741307000 	C:\Program Files\Java\jdk1.8.0_111\bin\java.exe
0x00007ffe5ccb0000 - 0x00007ffe5ce90000 	C:\WINDOWS\SYSTEM32\ntdll.dll
0x00007ffe53f50000 - 0x00007ffe53f62000 	C:\Program Files\AVAST Software\Avast\aswhook.dll
0x00007ffe5a4b0000 - 0x00007ffe5a55e000 	C:\WINDOWS\System32\KERNEL32.DLL
0x00007ffe59c20000 - 0x00007ffe59e86000 	C:\WINDOWS\System32\KERNELBASE.dll
0x00007ffe5aa90000 - 0x00007ffe5ab31000 	C:\WINDOWS\System32\ADVAPI32.dll
0x00007ffe5b130000 - 0x00007ffe5b1cd000 	C:\WINDOWS\System32\msvcrt.dll
0x00007ffe5a250000 - 0x00007ffe5a2ab000 	C:\WINDOWS\System32\sechost.dll
0x00007ffe5cb60000 - 0x00007ffe5cc7f000 	C:\WINDOWS\System32\RPCRT4.dll
0x00007ffe5a2b0000 - 0x00007ffe5a43f000 	C:\WINDOWS\System32\USER32.dll
0x00007ffe59c00000 - 0x00007ffe59c20000 	C:\WINDOWS\System32\win32u.dll
0x00007ffe5b1e0000 - 0x00007ffe5b208000 	C:\WINDOWS\System32\GDI32.dll
0x00007ffe59e90000 - 0x00007ffe5a023000 	C:\WINDOWS\System32\gdi32full.dll
0x00007ffe5a0e0000 - 0x00007ffe5a17b000 	C:\WINDOWS\System32\msvcp_win.dll
0x00007ffe59b00000 - 0x00007ffe59bf6000 	C:\WINDOWS\System32\ucrtbase.dll
0x00007ffe4b4f0000 - 0x00007ffe4b759000 	C:\WINDOWS\WinSxS\amd64_microsoft.windows.common-controls_6595b64144ccf1df_6.0.16299.431_none_15c7d3ee93659e73\COMCTL32.dll
0x00007ffe5a780000 - 0x00007ffe5aa88000 	C:\WINDOWS\System32\combase.dll
0x00007ffe59110000 - 0x00007ffe59182000 	C:\WINDOWS\System32\bcryptPrimitives.dll
0x00007ffe5b100000 - 0x00007ffe5b12d000 	C:\WINDOWS\System32\IMM32.DLL
0x000000005dfe0000 - 0x000000005e0b2000 	C:\Program Files\Java\jdk1.8.0_111\jre\bin\msvcr100.dll
0x000000005e0c0000 - 0x000000005e95a000 	C:\Program Files\Java\jdk1.8.0_111\jre\bin\server\jvm.dll
0x00007ffe5b1d0000 - 0x00007ffe5b1d8000 	C:\WINDOWS\System32\PSAPI.DLL
0x00007ffe57cc0000 - 0x00007ffe57cc9000 	C:\WINDOWS\SYSTEM32\WSOCK32.dll
0x00007ffe5a440000 - 0x00007ffe5a4ac000 	C:\WINDOWS\System32\WS2_32.dll
0x00007ffe56e90000 - 0x00007ffe56eb3000 	C:\WINDOWS\SYSTEM32\WINMM.dll
0x00007ffe4b770000 - 0x00007ffe4b77a000 	C:\WINDOWS\SYSTEM32\VERSION.dll
0x00007ffe56b90000 - 0x00007ffe56bba000 	C:\WINDOWS\SYSTEM32\WINMMBASE.dll
0x00007ffe59ab0000 - 0x00007ffe59afa000 	C:\WINDOWS\System32\cfgmgr32.dll
0x000000005df90000 - 0x000000005df9f000 	C:\Program Files\Java\jdk1.8.0_111\jre\bin\verify.dll
0x000000005df60000 - 0x000000005df89000 	C:\Program Files\Java\jdk1.8.0_111\jre\bin\java.dll
0x000000005df40000 - 0x000000005df56000 	C:\Program Files\Java\jdk1.8.0_111\jre\bin\zip.dll

VM Arguments:
jvm_args: -Dfile.encoding=UTF-8 
java_command: lab4_carlosfortin_guillermoespinal.Lab4_CarlosFortin_GuillermoEspinal
java_class_path (initial): C:\Users\admin\Desktop\Lab4_CarlosFortin_GuillermoEspinal\build\classes
Launcher Type: SUN_STANDARD

Environment Variables:
PATH=C:\Program Files (x86)\Intel\TXE Components\TCS\;C:\Program Files\Intel\TXE Components\TCS\;C:\WINDOWS\system32;C:\WINDOWS;C:\WINDOWS\System32\Wbem;C:\WINDOWS\System32\WindowsPowerShell\v1.0\;C:\Program Files\Intel\TXE Components\DAL\;C:\Program Files (x86)\Intel\TXE Components\DAL\;C:\Program Files\Intel\TXE Components\IPT\;C:\Program Files (x86)\Intel\TXE Components\IPT\;C:\Program Files\Intel\WiFi\bin\;C:\Program Files\Common Files\Intel\WirelessCommon\;C:\Users\admin\AppData\Local\Microsoft\WindowsApps
USERNAME=admin
OS=Windows_NT
PROCESSOR_IDENTIFIER=Intel64 Family 6 Model 76 Stepping 4, GenuineIntel



---------------  S Y S T E M  ---------------

OS: Windows 10.0 , 64 bit Build 16299 (10.0.16299.431)

CPU:total 2 (2 cores per cpu, 1 threads per core) family 6 model 76 stepping 4, cmov, cx8, fxsr, mmx, sse, sse2, sse3, ssse3, sse4.1, sse4.2, popcnt, aes, clmul, erms, 3dnowpref, tsc, tscinvbit

Memory: 4k page, physical 4097616k(657284k free), swap 4825940k(5492k free)

vm_info: Java HotSpot(TM) 64-Bit Server VM (25.111-b14) for windows-amd64 JRE (1.8.0_111-b14), built on Sep 22 2016 19:24:05 by "java_re" with MS VC++ 10.0 (VS2010)

time: Fri Nov 01 17:12:52 2019
elapsed time: 0 seconds (0d 0h 0m 0s)

